mode: set
filmLibraryVk/api/REST/handler/actor.go:14.65,15.18 1 1
filmLibraryVk/api/REST/handler/actor.go:16.13,17.19 1 1
filmLibraryVk/api/REST/handler/actor.go:18.13,19.56 1 1
filmLibraryVk/api/REST/handler/actor.go:19.56,22.4 2 1
filmLibraryVk/api/REST/handler/actor.go:24.3,24.19 1 0
filmLibraryVk/api/REST/handler/actor.go:25.15,26.56 1 1
filmLibraryVk/api/REST/handler/actor.go:26.56,29.4 2 1
filmLibraryVk/api/REST/handler/actor.go:31.3,31.21 1 0
filmLibraryVk/api/REST/handler/actor.go:32.16,33.56 1 1
filmLibraryVk/api/REST/handler/actor.go:33.56,36.4 2 1
filmLibraryVk/api/REST/handler/actor.go:38.3,38.22 1 0
filmLibraryVk/api/REST/handler/actor.go:39.10,40.91 1 1
filmLibraryVk/api/REST/handler/actor.go:44.66,45.18 1 1
filmLibraryVk/api/REST/handler/actor.go:46.13,47.17 1 1
filmLibraryVk/api/REST/handler/actor.go:48.14,49.56 1 0
filmLibraryVk/api/REST/handler/actor.go:49.56,52.4 2 0
filmLibraryVk/api/REST/handler/actor.go:54.3,54.22 1 0
filmLibraryVk/api/REST/handler/actor.go:55.10,56.91 1 1
filmLibraryVk/api/REST/handler/actor.go:72.68,74.16 2 1
filmLibraryVk/api/REST/handler/actor.go:74.16,76.3 1 1
filmLibraryVk/api/REST/handler/actor.go:78.2,79.16 2 1
filmLibraryVk/api/REST/handler/actor.go:79.16,82.3 2 0
filmLibraryVk/api/REST/handler/actor.go:83.2,85.45 3 1
filmLibraryVk/api/REST/handler/actor.go:99.52,101.16 2 1
filmLibraryVk/api/REST/handler/actor.go:101.16,104.3 2 0
filmLibraryVk/api/REST/handler/actor.go:105.2,107.45 3 1
filmLibraryVk/api/REST/handler/actor.go:110.71,114.16 3 1
filmLibraryVk/api/REST/handler/actor.go:114.16,117.3 2 0
filmLibraryVk/api/REST/handler/actor.go:119.2,122.16 3 1
filmLibraryVk/api/REST/handler/actor.go:122.16,125.3 2 0
filmLibraryVk/api/REST/handler/actor.go:127.2,128.26 2 1
filmLibraryVk/api/REST/handler/actor.go:144.68,146.16 2 1
filmLibraryVk/api/REST/handler/actor.go:146.16,148.3 1 1
filmLibraryVk/api/REST/handler/actor.go:150.2,153.16 3 1
filmLibraryVk/api/REST/handler/actor.go:153.16,156.3 2 0
filmLibraryVk/api/REST/handler/actor.go:158.2,159.16 2 1
filmLibraryVk/api/REST/handler/actor.go:159.16,162.3 2 0
filmLibraryVk/api/REST/handler/actor.go:164.2,166.45 3 1
filmLibraryVk/api/REST/handler/actor.go:181.70,183.16 2 1
filmLibraryVk/api/REST/handler/actor.go:183.16,185.3 1 1
filmLibraryVk/api/REST/handler/actor.go:187.2,190.16 3 1
filmLibraryVk/api/REST/handler/actor.go:190.16,193.3 2 0
filmLibraryVk/api/REST/handler/actor.go:195.2,196.16 2 1
filmLibraryVk/api/REST/handler/actor.go:196.16,199.3 2 1
filmLibraryVk/api/REST/handler/actor.go:201.2,203.45 3 1
filmLibraryVk/api/REST/handler/actor.go:217.71,219.16 2 1
filmLibraryVk/api/REST/handler/actor.go:219.16,221.3 1 1
filmLibraryVk/api/REST/handler/actor.go:223.2,224.16 2 1
filmLibraryVk/api/REST/handler/actor.go:224.16,227.3 2 0
filmLibraryVk/api/REST/handler/auth.go:23.68,24.24 1 1
filmLibraryVk/api/REST/handler/auth.go:24.24,27.3 2 1
filmLibraryVk/api/REST/handler/auth.go:28.2,31.16 3 1
filmLibraryVk/api/REST/handler/auth.go:31.16,34.3 2 0
filmLibraryVk/api/REST/handler/auth.go:36.2,38.50 2 1
filmLibraryVk/api/REST/handler/auth.go:38.50,42.3 2 1
filmLibraryVk/api/REST/handler/auth.go:44.2,46.16 2 1
filmLibraryVk/api/REST/handler/auth.go:46.16,49.3 2 0
filmLibraryVk/api/REST/handler/auth.go:51.2,52.32 2 1
filmLibraryVk/api/REST/handler/auth.go:65.72,66.24 1 1
filmLibraryVk/api/REST/handler/auth.go:66.24,69.3 2 1
filmLibraryVk/api/REST/handler/auth.go:70.2,73.16 3 1
filmLibraryVk/api/REST/handler/auth.go:73.16,76.3 2 0
filmLibraryVk/api/REST/handler/auth.go:78.2,80.47 2 1
filmLibraryVk/api/REST/handler/auth.go:80.47,84.3 2 1
filmLibraryVk/api/REST/handler/auth.go:86.2,88.16 2 1
filmLibraryVk/api/REST/handler/auth.go:88.16,91.3 2 1
filmLibraryVk/api/REST/handler/auth.go:93.2,93.32 1 1
filmLibraryVk/api/REST/handler/film.go:16.64,18.18 1 1
filmLibraryVk/api/REST/handler/film.go:19.13,20.18 1 1
filmLibraryVk/api/REST/handler/film.go:21.13,22.56 1 1
filmLibraryVk/api/REST/handler/film.go:22.56,25.4 2 1
filmLibraryVk/api/REST/handler/film.go:27.3,27.18 1 0
filmLibraryVk/api/REST/handler/film.go:28.15,29.56 1 1
filmLibraryVk/api/REST/handler/film.go:29.56,32.4 2 1
filmLibraryVk/api/REST/handler/film.go:34.3,34.20 1 0
filmLibraryVk/api/REST/handler/film.go:35.16,36.56 1 1
filmLibraryVk/api/REST/handler/film.go:36.56,39.4 2 1
filmLibraryVk/api/REST/handler/film.go:41.3,41.21 1 0
filmLibraryVk/api/REST/handler/film.go:42.10,43.91 1 1
filmLibraryVk/api/REST/handler/film.go:48.65,49.18 1 1
filmLibraryVk/api/REST/handler/film.go:50.13,51.19 1 0
filmLibraryVk/api/REST/handler/film.go:52.14,53.56 1 0
filmLibraryVk/api/REST/handler/film.go:53.56,56.4 2 0
filmLibraryVk/api/REST/handler/film.go:58.3,58.21 1 0
filmLibraryVk/api/REST/handler/film.go:59.10,60.91 1 1
filmLibraryVk/api/REST/handler/film.go:65.70,66.18 1 0
filmLibraryVk/api/REST/handler/film.go:67.13,68.22 1 0
filmLibraryVk/api/REST/handler/film.go:69.10,70.91 1 0
filmLibraryVk/api/REST/handler/film.go:85.67,87.16 2 1
filmLibraryVk/api/REST/handler/film.go:87.16,89.3 1 1
filmLibraryVk/api/REST/handler/film.go:91.2,92.16 2 1
filmLibraryVk/api/REST/handler/film.go:92.16,95.3 2 0
filmLibraryVk/api/REST/handler/film.go:96.2,98.45 3 1
filmLibraryVk/api/REST/handler/film.go:111.68,113.16 2 1
filmLibraryVk/api/REST/handler/film.go:113.16,116.3 2 0
filmLibraryVk/api/REST/handler/film.go:117.2,119.45 3 1
filmLibraryVk/api/REST/handler/film.go:134.70,138.16 3 1
filmLibraryVk/api/REST/handler/film.go:138.16,141.3 2 0
filmLibraryVk/api/REST/handler/film.go:143.2,145.49 2 1
filmLibraryVk/api/REST/handler/film.go:145.49,148.3 2 0
filmLibraryVk/api/REST/handler/film.go:150.2,153.16 3 1
filmLibraryVk/api/REST/handler/film.go:153.16,156.3 2 0
filmLibraryVk/api/REST/handler/film.go:158.2,159.26 2 1
filmLibraryVk/api/REST/handler/film.go:174.67,176.16 2 1
filmLibraryVk/api/REST/handler/film.go:176.16,178.3 1 1
filmLibraryVk/api/REST/handler/film.go:180.2,183.16 3 1
filmLibraryVk/api/REST/handler/film.go:183.16,186.3 2 0
filmLibraryVk/api/REST/handler/film.go:188.2,190.49 2 1
filmLibraryVk/api/REST/handler/film.go:190.49,193.3 2 0
filmLibraryVk/api/REST/handler/film.go:195.2,196.16 2 1
filmLibraryVk/api/REST/handler/film.go:196.16,199.3 2 0
filmLibraryVk/api/REST/handler/film.go:201.2,203.45 3 1
filmLibraryVk/api/REST/handler/film.go:218.69,220.16 2 1
filmLibraryVk/api/REST/handler/film.go:220.16,222.3 1 1
filmLibraryVk/api/REST/handler/film.go:224.2,227.16 3 1
filmLibraryVk/api/REST/handler/film.go:227.16,230.3 2 0
filmLibraryVk/api/REST/handler/film.go:232.2,232.79 1 1
filmLibraryVk/api/REST/handler/film.go:232.79,235.3 2 0
filmLibraryVk/api/REST/handler/film.go:236.2,236.68 1 1
filmLibraryVk/api/REST/handler/film.go:236.68,239.3 2 0
filmLibraryVk/api/REST/handler/film.go:240.2,240.74 1 1
filmLibraryVk/api/REST/handler/film.go:240.74,243.3 2 0
filmLibraryVk/api/REST/handler/film.go:245.2,246.16 2 1
filmLibraryVk/api/REST/handler/film.go:246.16,249.3 2 1
filmLibraryVk/api/REST/handler/film.go:251.2,253.45 3 1
filmLibraryVk/api/REST/handler/film.go:267.70,269.16 2 1
filmLibraryVk/api/REST/handler/film.go:269.16,271.3 1 1
filmLibraryVk/api/REST/handler/film.go:273.2,274.16 2 1
filmLibraryVk/api/REST/handler/film.go:274.16,277.3 2 0
filmLibraryVk/api/REST/handler/film.go:291.71,294.37 3 1
filmLibraryVk/api/REST/handler/film.go:294.37,296.3 1 1
filmLibraryVk/api/REST/handler/film.go:296.8,296.45 1 1
filmLibraryVk/api/REST/handler/film.go:296.45,298.3 1 1
filmLibraryVk/api/REST/handler/film.go:299.2,299.16 1 1
filmLibraryVk/api/REST/handler/film.go:299.16,302.3 2 0
filmLibraryVk/api/REST/handler/film.go:303.2,305.45 3 1
filmLibraryVk/api/REST/handler/handler.go:16.53,18.2 1 0
filmLibraryVk/api/REST/handler/handler.go:20.45,48.2 11 0
filmLibraryVk/api/REST/handler/handler.go:50.35,64.2 8 0
filmLibraryVk/api/REST/handler/user.go:16.65,17.18 1 1
filmLibraryVk/api/REST/handler/user.go:18.13,19.19 1 0
filmLibraryVk/api/REST/handler/user.go:20.10,21.91 1 1
filmLibraryVk/api/REST/handler/user.go:25.64,26.18 1 1
filmLibraryVk/api/REST/handler/user.go:27.13,28.18 1 1
filmLibraryVk/api/REST/handler/user.go:29.13,30.56 1 1
filmLibraryVk/api/REST/handler/user.go:30.56,33.4 2 1
filmLibraryVk/api/REST/handler/user.go:35.3,35.18 1 0
filmLibraryVk/api/REST/handler/user.go:36.15,37.56 1 1
filmLibraryVk/api/REST/handler/user.go:37.56,40.4 2 1
filmLibraryVk/api/REST/handler/user.go:42.3,42.20 1 0
filmLibraryVk/api/REST/handler/user.go:43.16,44.56 1 0
filmLibraryVk/api/REST/handler/user.go:44.56,47.4 2 0
filmLibraryVk/api/REST/handler/user.go:49.3,49.21 1 0
filmLibraryVk/api/REST/handler/user.go:50.10,51.91 1 1
filmLibraryVk/api/REST/handler/user.go:65.68,67.16 2 1
filmLibraryVk/api/REST/handler/user.go:67.16,70.3 2 0
filmLibraryVk/api/REST/handler/user.go:71.2,73.45 3 1
filmLibraryVk/api/REST/handler/user.go:86.67,88.16 2 1
filmLibraryVk/api/REST/handler/user.go:88.16,90.3 1 1
filmLibraryVk/api/REST/handler/user.go:92.2,93.16 2 1
filmLibraryVk/api/REST/handler/user.go:93.16,96.3 2 0
filmLibraryVk/api/REST/handler/user.go:97.2,99.45 3 1
filmLibraryVk/api/REST/handler/user.go:114.67,116.16 2 1
filmLibraryVk/api/REST/handler/user.go:116.16,118.3 1 1
filmLibraryVk/api/REST/handler/user.go:120.2,123.16 3 1
filmLibraryVk/api/REST/handler/user.go:123.16,126.3 2 0
filmLibraryVk/api/REST/handler/user.go:128.2,130.49 2 1
filmLibraryVk/api/REST/handler/user.go:130.49,133.3 2 0
filmLibraryVk/api/REST/handler/user.go:135.2,136.16 2 1
filmLibraryVk/api/REST/handler/user.go:136.16,139.3 2 0
filmLibraryVk/api/REST/handler/user.go:141.2,143.45 3 1
filmLibraryVk/api/REST/handler/user.go:158.69,160.16 2 1
filmLibraryVk/api/REST/handler/user.go:160.16,162.3 1 1
filmLibraryVk/api/REST/handler/user.go:164.2,167.16 3 1
filmLibraryVk/api/REST/handler/user.go:167.16,170.3 2 0
filmLibraryVk/api/REST/handler/user.go:172.2,172.59 1 1
filmLibraryVk/api/REST/handler/user.go:172.59,175.3 2 0
filmLibraryVk/api/REST/handler/user.go:176.2,176.59 1 1
filmLibraryVk/api/REST/handler/user.go:176.59,179.3 2 0
filmLibraryVk/api/REST/handler/user.go:181.2,182.16 2 1
filmLibraryVk/api/REST/handler/user.go:182.16,185.3 2 1
filmLibraryVk/api/REST/handler/user.go:187.2,189.45 3 1
filmLibraryVk/api/REST/handler/user.go:204.70,206.16 2 1
filmLibraryVk/api/REST/handler/user.go:206.16,208.3 1 1
filmLibraryVk/api/REST/handler/user.go:210.2,211.16 2 1
filmLibraryVk/api/REST/handler/user.go:211.16,214.3 2 0
