mode: set
filmLibraryVk/api/REST/handler/actor.go:12.65,14.18 2 0
filmLibraryVk/api/REST/handler/actor.go:15.13,17.17 2 0
filmLibraryVk/api/REST/handler/actor.go:17.17,19.4 1 0
filmLibraryVk/api/REST/handler/actor.go:20.3,20.20 1 0
filmLibraryVk/api/REST/handler/actor.go:21.13,22.56 1 0
filmLibraryVk/api/REST/handler/actor.go:22.56,25.4 2 0
filmLibraryVk/api/REST/handler/actor.go:27.3,28.17 2 0
filmLibraryVk/api/REST/handler/actor.go:28.17,30.4 1 0
filmLibraryVk/api/REST/handler/actor.go:31.3,31.23 1 0
filmLibraryVk/api/REST/handler/actor.go:32.15,33.56 1 0
filmLibraryVk/api/REST/handler/actor.go:33.56,36.4 2 0
filmLibraryVk/api/REST/handler/actor.go:38.3,39.17 2 0
filmLibraryVk/api/REST/handler/actor.go:39.17,41.4 1 0
filmLibraryVk/api/REST/handler/actor.go:42.3,42.25 1 0
filmLibraryVk/api/REST/handler/actor.go:43.16,44.56 1 0
filmLibraryVk/api/REST/handler/actor.go:44.56,47.4 2 0
filmLibraryVk/api/REST/handler/actor.go:49.3,50.17 2 0
filmLibraryVk/api/REST/handler/actor.go:50.17,52.4 1 0
filmLibraryVk/api/REST/handler/actor.go:53.3,53.23 1 0
filmLibraryVk/api/REST/handler/actor.go:54.10,55.91 1 0
filmLibraryVk/api/REST/handler/actor.go:59.66,60.18 1 0
filmLibraryVk/api/REST/handler/actor.go:61.13,62.17 1 0
filmLibraryVk/api/REST/handler/actor.go:63.14,64.56 1 0
filmLibraryVk/api/REST/handler/actor.go:64.56,67.4 2 0
filmLibraryVk/api/REST/handler/actor.go:69.3,69.22 1 0
filmLibraryVk/api/REST/handler/actor.go:70.10,71.91 1 0
filmLibraryVk/api/REST/handler/actor.go:75.70,76.18 1 1
filmLibraryVk/api/REST/handler/actor.go:77.13,78.17 1 1
filmLibraryVk/api/REST/handler/actor.go:79.14,80.22 1 1
filmLibraryVk/api/REST/handler/actor.go:81.10,82.91 1 0
filmLibraryVk/api/REST/handler/actor.go:86.69,88.18 2 1
filmLibraryVk/api/REST/handler/actor.go:89.13,91.17 2 1
filmLibraryVk/api/REST/handler/actor.go:91.17,93.4 1 1
filmLibraryVk/api/REST/handler/actor.go:94.3,94.20 1 1
filmLibraryVk/api/REST/handler/actor.go:95.13,97.17 2 1
filmLibraryVk/api/REST/handler/actor.go:97.17,99.4 1 1
filmLibraryVk/api/REST/handler/actor.go:100.3,100.23 1 1
filmLibraryVk/api/REST/handler/actor.go:101.15,103.17 2 1
filmLibraryVk/api/REST/handler/actor.go:103.17,105.4 1 1
filmLibraryVk/api/REST/handler/actor.go:106.3,106.25 1 1
filmLibraryVk/api/REST/handler/actor.go:107.16,109.17 2 1
filmLibraryVk/api/REST/handler/actor.go:109.17,111.4 1 1
filmLibraryVk/api/REST/handler/actor.go:112.3,112.23 1 1
filmLibraryVk/api/REST/handler/actor.go:113.10,114.91 1 0
filmLibraryVk/api/REST/handler/actor.go:118.59,120.16 2 1
filmLibraryVk/api/REST/handler/actor.go:120.16,123.3 2 0
filmLibraryVk/api/REST/handler/actor.go:124.2,126.45 3 1
filmLibraryVk/api/REST/handler/actor.go:129.52,131.16 2 1
filmLibraryVk/api/REST/handler/actor.go:131.16,134.3 2 0
filmLibraryVk/api/REST/handler/actor.go:135.2,137.45 3 1
filmLibraryVk/api/REST/handler/actor.go:140.71,144.16 3 1
filmLibraryVk/api/REST/handler/actor.go:144.16,147.3 2 0
filmLibraryVk/api/REST/handler/actor.go:149.2,152.16 3 1
filmLibraryVk/api/REST/handler/actor.go:152.16,155.3 2 0
filmLibraryVk/api/REST/handler/actor.go:157.2,158.26 2 1
filmLibraryVk/api/REST/handler/actor.go:161.76,165.16 3 1
filmLibraryVk/api/REST/handler/actor.go:165.16,168.3 2 0
filmLibraryVk/api/REST/handler/actor.go:170.2,171.16 2 1
filmLibraryVk/api/REST/handler/actor.go:171.16,174.3 2 0
filmLibraryVk/api/REST/handler/actor.go:176.2,178.45 3 1
filmLibraryVk/api/REST/handler/actor.go:181.78,185.16 3 1
filmLibraryVk/api/REST/handler/actor.go:185.16,188.3 2 0
filmLibraryVk/api/REST/handler/actor.go:190.2,191.16 2 1
filmLibraryVk/api/REST/handler/actor.go:191.16,194.3 2 1
filmLibraryVk/api/REST/handler/actor.go:196.2,198.45 3 1
filmLibraryVk/api/REST/handler/actor.go:201.62,203.16 2 1
filmLibraryVk/api/REST/handler/actor.go:203.16,206.3 2 0
filmLibraryVk/api/REST/handler/auth.go:13.68,14.24 1 1
filmLibraryVk/api/REST/handler/auth.go:14.24,17.3 2 0
filmLibraryVk/api/REST/handler/auth.go:18.2,21.16 3 1
filmLibraryVk/api/REST/handler/auth.go:21.16,24.3 2 0
filmLibraryVk/api/REST/handler/auth.go:26.2,28.50 2 1
filmLibraryVk/api/REST/handler/auth.go:28.50,32.3 2 1
filmLibraryVk/api/REST/handler/auth.go:34.2,36.16 2 1
filmLibraryVk/api/REST/handler/auth.go:36.16,39.3 2 0
filmLibraryVk/api/REST/handler/auth.go:41.2,42.32 2 1
filmLibraryVk/api/REST/handler/auth.go:45.72,46.24 1 1
filmLibraryVk/api/REST/handler/auth.go:46.24,49.3 2 0
filmLibraryVk/api/REST/handler/auth.go:50.2,53.16 3 1
filmLibraryVk/api/REST/handler/auth.go:53.16,56.3 2 0
filmLibraryVk/api/REST/handler/auth.go:58.2,60.47 2 1
filmLibraryVk/api/REST/handler/auth.go:60.47,64.3 2 1
filmLibraryVk/api/REST/handler/auth.go:66.2,68.16 2 1
filmLibraryVk/api/REST/handler/auth.go:68.16,71.3 2 0
filmLibraryVk/api/REST/handler/auth.go:73.2,73.32 1 1
filmLibraryVk/api/REST/handler/film.go:14.64,17.18 2 0
filmLibraryVk/api/REST/handler/film.go:18.13,20.17 2 0
filmLibraryVk/api/REST/handler/film.go:20.17,22.4 1 0
filmLibraryVk/api/REST/handler/film.go:23.3,23.19 1 0
filmLibraryVk/api/REST/handler/film.go:24.13,25.56 1 0
filmLibraryVk/api/REST/handler/film.go:25.56,28.4 2 0
filmLibraryVk/api/REST/handler/film.go:30.3,31.17 2 0
filmLibraryVk/api/REST/handler/film.go:31.17,33.4 1 0
filmLibraryVk/api/REST/handler/film.go:34.3,34.22 1 0
filmLibraryVk/api/REST/handler/film.go:35.15,36.56 1 0
filmLibraryVk/api/REST/handler/film.go:36.56,39.4 2 0
filmLibraryVk/api/REST/handler/film.go:41.3,42.17 2 0
filmLibraryVk/api/REST/handler/film.go:42.17,44.4 1 0
filmLibraryVk/api/REST/handler/film.go:45.3,45.24 1 0
filmLibraryVk/api/REST/handler/film.go:46.16,47.56 1 0
filmLibraryVk/api/REST/handler/film.go:47.56,50.4 2 0
filmLibraryVk/api/REST/handler/film.go:52.3,53.17 2 0
filmLibraryVk/api/REST/handler/film.go:53.17,55.4 1 0
filmLibraryVk/api/REST/handler/film.go:56.3,56.22 1 0
filmLibraryVk/api/REST/handler/film.go:57.10,58.91 1 0
filmLibraryVk/api/REST/handler/film.go:63.65,64.18 1 0
filmLibraryVk/api/REST/handler/film.go:65.13,66.45 1 0
filmLibraryVk/api/REST/handler/film.go:67.14,68.56 1 0
filmLibraryVk/api/REST/handler/film.go:68.56,71.4 2 0
filmLibraryVk/api/REST/handler/film.go:73.3,73.21 1 0
filmLibraryVk/api/REST/handler/film.go:74.10,75.91 1 0
filmLibraryVk/api/REST/handler/film.go:79.68,82.18 2 1
filmLibraryVk/api/REST/handler/film.go:83.13,85.17 2 1
filmLibraryVk/api/REST/handler/film.go:85.17,87.4 1 1
filmLibraryVk/api/REST/handler/film.go:88.3,88.19 1 1
filmLibraryVk/api/REST/handler/film.go:89.13,91.17 2 1
filmLibraryVk/api/REST/handler/film.go:91.17,93.4 1 1
filmLibraryVk/api/REST/handler/film.go:94.3,94.22 1 1
filmLibraryVk/api/REST/handler/film.go:95.15,97.17 2 1
filmLibraryVk/api/REST/handler/film.go:97.17,99.4 1 1
filmLibraryVk/api/REST/handler/film.go:100.3,100.24 1 1
filmLibraryVk/api/REST/handler/film.go:101.16,103.17 2 1
filmLibraryVk/api/REST/handler/film.go:103.17,105.4 1 1
filmLibraryVk/api/REST/handler/film.go:106.3,106.22 1 1
filmLibraryVk/api/REST/handler/film.go:107.10,108.91 1 0
filmLibraryVk/api/REST/handler/film.go:113.69,114.18 1 1
filmLibraryVk/api/REST/handler/film.go:115.13,116.45 1 1
filmLibraryVk/api/REST/handler/film.go:117.14,118.21 1 1
filmLibraryVk/api/REST/handler/film.go:119.10,120.91 1 0
filmLibraryVk/api/REST/handler/film.go:124.70,125.18 1 0
filmLibraryVk/api/REST/handler/film.go:126.13,127.22 1 0
filmLibraryVk/api/REST/handler/film.go:128.10,129.91 1 0
filmLibraryVk/api/REST/handler/film.go:133.58,135.16 2 1
filmLibraryVk/api/REST/handler/film.go:135.16,138.3 2 0
filmLibraryVk/api/REST/handler/film.go:139.2,141.45 3 1
filmLibraryVk/api/REST/handler/film.go:144.66,146.16 2 1
filmLibraryVk/api/REST/handler/film.go:146.16,149.3 2 0
filmLibraryVk/api/REST/handler/film.go:150.2,152.45 3 1
filmLibraryVk/api/REST/handler/film.go:155.70,159.16 3 1
filmLibraryVk/api/REST/handler/film.go:159.16,162.3 2 0
filmLibraryVk/api/REST/handler/film.go:164.2,166.49 2 1
filmLibraryVk/api/REST/handler/film.go:166.49,169.3 2 0
filmLibraryVk/api/REST/handler/film.go:171.2,174.16 3 1
filmLibraryVk/api/REST/handler/film.go:174.16,177.3 2 0
filmLibraryVk/api/REST/handler/film.go:179.2,180.26 2 1
filmLibraryVk/api/REST/handler/film.go:183.75,187.16 3 1
filmLibraryVk/api/REST/handler/film.go:187.16,190.3 2 0
filmLibraryVk/api/REST/handler/film.go:192.2,194.49 2 1
filmLibraryVk/api/REST/handler/film.go:194.49,197.3 2 0
filmLibraryVk/api/REST/handler/film.go:199.2,200.16 2 1
filmLibraryVk/api/REST/handler/film.go:200.16,203.3 2 0
filmLibraryVk/api/REST/handler/film.go:205.2,207.45 3 1
filmLibraryVk/api/REST/handler/film.go:210.77,214.16 3 1
filmLibraryVk/api/REST/handler/film.go:214.16,217.3 2 0
filmLibraryVk/api/REST/handler/film.go:219.2,219.79 1 1
filmLibraryVk/api/REST/handler/film.go:219.79,222.3 2 0
filmLibraryVk/api/REST/handler/film.go:223.2,223.68 1 1
filmLibraryVk/api/REST/handler/film.go:223.68,226.3 2 0
filmLibraryVk/api/REST/handler/film.go:227.2,227.74 1 1
filmLibraryVk/api/REST/handler/film.go:227.74,230.3 2 0
filmLibraryVk/api/REST/handler/film.go:232.2,233.16 2 1
filmLibraryVk/api/REST/handler/film.go:233.16,236.3 2 1
filmLibraryVk/api/REST/handler/film.go:238.2,240.45 3 1
filmLibraryVk/api/REST/handler/film.go:243.61,245.16 2 1
filmLibraryVk/api/REST/handler/film.go:245.16,248.3 2 0
filmLibraryVk/api/REST/handler/film.go:251.71,254.37 3 0
filmLibraryVk/api/REST/handler/film.go:254.37,256.3 1 0
filmLibraryVk/api/REST/handler/film.go:256.8,256.45 1 0
filmLibraryVk/api/REST/handler/film.go:256.45,258.3 1 0
filmLibraryVk/api/REST/handler/film.go:259.2,259.16 1 0
filmLibraryVk/api/REST/handler/film.go:259.16,262.3 2 0
filmLibraryVk/api/REST/handler/film.go:263.2,265.45 3 0
filmLibraryVk/api/REST/handler/handler.go:13.53,15.2 1 0
filmLibraryVk/api/REST/handler/handler.go:17.45,34.2 11 0
filmLibraryVk/api/REST/handler/user.go:14.65,15.18 1 0
filmLibraryVk/api/REST/handler/user.go:16.13,17.16 1 0
filmLibraryVk/api/REST/handler/user.go:18.10,19.91 1 0
filmLibraryVk/api/REST/handler/user.go:23.64,25.18 2 0
filmLibraryVk/api/REST/handler/user.go:26.13,27.18 1 0
filmLibraryVk/api/REST/handler/user.go:28.13,29.56 1 0
filmLibraryVk/api/REST/handler/user.go:29.56,32.4 2 0
filmLibraryVk/api/REST/handler/user.go:34.3,35.17 2 0
filmLibraryVk/api/REST/handler/user.go:35.17,37.4 1 0
filmLibraryVk/api/REST/handler/user.go:39.3,39.22 1 0
filmLibraryVk/api/REST/handler/user.go:40.15,41.56 1 0
filmLibraryVk/api/REST/handler/user.go:41.56,44.4 2 0
filmLibraryVk/api/REST/handler/user.go:46.3,47.17 2 0
filmLibraryVk/api/REST/handler/user.go:47.17,49.4 1 0
filmLibraryVk/api/REST/handler/user.go:51.3,51.24 1 0
filmLibraryVk/api/REST/handler/user.go:52.16,53.56 1 0
filmLibraryVk/api/REST/handler/user.go:53.56,56.4 2 0
filmLibraryVk/api/REST/handler/user.go:58.3,59.17 2 0
filmLibraryVk/api/REST/handler/user.go:59.17,61.4 1 0
filmLibraryVk/api/REST/handler/user.go:63.3,63.22 1 0
filmLibraryVk/api/REST/handler/user.go:64.10,65.91 1 0
filmLibraryVk/api/REST/handler/user.go:69.69,70.18 1 1
filmLibraryVk/api/REST/handler/user.go:71.13,72.16 1 1
filmLibraryVk/api/REST/handler/user.go:73.10,74.91 1 0
filmLibraryVk/api/REST/handler/user.go:78.68,80.18 2 1
filmLibraryVk/api/REST/handler/user.go:81.13,82.18 1 1
filmLibraryVk/api/REST/handler/user.go:83.13,85.17 2 1
filmLibraryVk/api/REST/handler/user.go:85.17,87.4 1 1
filmLibraryVk/api/REST/handler/user.go:89.3,89.22 1 1
filmLibraryVk/api/REST/handler/user.go:90.15,92.17 2 1
filmLibraryVk/api/REST/handler/user.go:92.17,94.4 1 1
filmLibraryVk/api/REST/handler/user.go:96.3,96.24 1 1
filmLibraryVk/api/REST/handler/user.go:97.16,99.17 2 1
filmLibraryVk/api/REST/handler/user.go:99.17,101.4 1 1
filmLibraryVk/api/REST/handler/user.go:103.3,103.22 1 1
filmLibraryVk/api/REST/handler/user.go:104.10,105.91 1 0
filmLibraryVk/api/REST/handler/user.go:109.51,111.16 2 1
filmLibraryVk/api/REST/handler/user.go:111.16,114.3 2 0
filmLibraryVk/api/REST/handler/user.go:115.2,117.45 3 1
filmLibraryVk/api/REST/handler/user.go:120.67,122.16 2 1
filmLibraryVk/api/REST/handler/user.go:122.16,124.3 1 1
filmLibraryVk/api/REST/handler/user.go:126.2,127.16 2 1
filmLibraryVk/api/REST/handler/user.go:127.16,130.3 2 0
filmLibraryVk/api/REST/handler/user.go:131.2,133.45 3 1
filmLibraryVk/api/REST/handler/user.go:136.75,140.16 3 1
filmLibraryVk/api/REST/handler/user.go:140.16,143.3 2 0
filmLibraryVk/api/REST/handler/user.go:145.2,147.49 2 1
filmLibraryVk/api/REST/handler/user.go:147.49,150.3 2 0
filmLibraryVk/api/REST/handler/user.go:152.2,153.16 2 1
filmLibraryVk/api/REST/handler/user.go:153.16,156.3 2 0
filmLibraryVk/api/REST/handler/user.go:158.2,160.45 3 1
filmLibraryVk/api/REST/handler/user.go:163.77,167.16 3 1
filmLibraryVk/api/REST/handler/user.go:167.16,170.3 2 0
filmLibraryVk/api/REST/handler/user.go:172.2,172.59 1 1
filmLibraryVk/api/REST/handler/user.go:172.59,175.3 2 0
filmLibraryVk/api/REST/handler/user.go:176.2,176.59 1 1
filmLibraryVk/api/REST/handler/user.go:176.59,179.3 2 0
filmLibraryVk/api/REST/handler/user.go:181.2,182.16 2 1
filmLibraryVk/api/REST/handler/user.go:182.16,185.3 2 1
filmLibraryVk/api/REST/handler/user.go:187.2,189.45 3 1
filmLibraryVk/api/REST/handler/user.go:192.61,194.16 2 1
filmLibraryVk/api/REST/handler/user.go:194.16,197.3 2 0
